TN:
SF:packages/liftledger-fmt/formatter.js
FN:5,formatLiftLedger
FN:16,indent
FN:20,dedent
FN:24,getIndent
FN:28,safeGetText
FN:35,findMaxNameLength
FN:43,formatExercisesBlock
FN:57,formatExercise
FN:70,formatAttribute
FN:77,formatWithAlignment
FNF:10
FNH:0
FNDA:0,formatLiftLedger
FNDA:0,indent
FNDA:0,dedent
FNDA:0,getIndent
FNDA:0,safeGetText
FNDA:0,findMaxNameLength
FNDA:0,formatExercisesBlock
FNDA:0,formatExercise
FNDA:0,formatAttribute
FNDA:0,formatWithAlignment
DA:2,1
DA:3,1
DA:6,0
DA:7,0
DA:9,0
DA:10,0
DA:12,0
DA:13,0
DA:14,0
DA:17,0
DA:21,0
DA:25,0
DA:29,0
DA:30,0
DA:32,0
DA:36,0
DA:37,0
DA:38,0
DA:40,0
DA:44,0
DA:45,0
DA:47,0
DA:48,0
DA:49,0
DA:50,0
DA:53,0
DA:54,0
DA:58,0
DA:59,0
DA:60,0
DA:61,0
DA:62,0
DA:63,0
DA:66,0
DA:67,0
DA:71,0
DA:72,0
DA:73,0
DA:74,0
DA:78,0
DA:80,0
DA:81,0
DA:84,0
DA:85,0
DA:88,0
DA:89,0
DA:90,0
DA:91,0
DA:92,0
DA:93,0
DA:99,0
DA:100,0
DA:101,0
DA:102,0
DA:103,0
DA:104,0
DA:106,0
DA:107,0
DA:110,0
DA:111,0
DA:112,0
DA:113,0
DA:114,0
DA:115,0
DA:118,0
DA:119,0
DA:120,0
DA:121,0
DA:122,0
DA:123,0
DA:126,0
DA:127,0
DA:128,0
DA:129,0
DA:130,0
DA:131,0
DA:134,0
DA:135,0
DA:138,0
DA:139,0
DA:143,0
DA:144,0
DA:146,0
DA:149,1
LF:84
LH:3
BRDA:5,0,0,0
BRDA:29,1,0,0
BRDA:29,1,1,0
BRDA:36,2,0,0
BRDA:36,2,1,0
BRDA:49,3,0,0
BRDA:49,3,1,0
BRDA:62,4,0,0
BRDA:62,4,1,0
BRDA:78,5,0,0
BRDA:78,5,1,0
BRDA:78,5,2,0
BRDA:78,5,3,0
BRDA:78,5,4,0
BRDA:78,5,5,0
BRDA:78,5,6,0
BRDA:78,5,7,0
BRDA:78,5,8,0
BRDA:78,5,9,0
BRDA:78,5,10,0
BRDA:78,5,11,0
BRDA:103,6,0,0
BRDA:103,6,1,0
BRF:23
BRH:0
end_of_record
